------------------------------------------------------------
/home/wx7/wx7Test/bin/pip run on Wed Nov 19 10:15:59 2014
Requirement already satisfied (use --upgrade to upgrade): python in /usr/lib/python2.7/lib-dynload
Downloading/unpacking imaging
  Getting page https://pypi.python.org/simple/imaging/
  Could not fetch URL https://pypi.python.org/simple/imaging/: 404 Client Error: Not Found
  Will skip URL https://pypi.python.org/simple/imaging/ when looking for download links for imaging
  Getting page https://pypi.python.org/simple/
  URLs to search for versions for imaging:
  * https://pypi.python.org/simple/imaging/
  Getting page https://pypi.python.org/simple/imaging/
  Could not fetch URL https://pypi.python.org/simple/imaging/: 404 Client Error: Not Found
  Will skip URL https://pypi.python.org/simple/imaging/ when looking for download links for imaging
  Could not find any downloads that satisfy the requirement imaging
Cleaning up...
  Removing temporary dir /home/wx7/wx7Test/build...
No distributions at all found for imaging
Exception information:
Traceback (most recent call last):
  File "/home/wx7/wx7Test/local/lib/python2.7/site-packages/pip/basecommand.py", line 122, in main
    status = self.run(options, args)
  File "/home/wx7/wx7Test/local/lib/python2.7/site-packages/pip/commands/install.py", line 278, in run
    requirement_set.prepare_files(finder, force_root_egg_info=self.bundle, bundle=self.bundle)
  File "/home/wx7/wx7Test/local/lib/python2.7/site-packages/pip/req.py", line 1177, in prepare_files
    url = finder.find_requirement(req_to_install, upgrade=self.upgrade)
  File "/home/wx7/wx7Test/local/lib/python2.7/site-packages/pip/index.py", line 277, in find_requirement
    raise DistributionNotFound('No distributions at all found for %s' % req)
DistributionNotFound: No distributions at all found for imaging
